<?xml version="1.0" encoding="UTF-8"?>
<testng-results skipped="0" failed="0" total="0" passed="0">
  <reporter-output>
  </reporter-output>
  <suite name="com.radical.basic.b15demo.RuncucumberPathStepDefsTest" duration-ms="7" started-at="2018-07-22T04:20:05Z" finished-at="2018-07-22T04:20:05Z">
    <groups>
    </groups>
    <test name="Command line test" duration-ms="7" started-at="2018-07-22T04:20:05Z" finished-at="2018-07-22T04:20:05Z">
    </test> <!-- Command line test -->
  </suite> <!-- com.radical.basic.b15demo.RuncucumberPathStepDefsTest -->
</testng-results>
