<?xml version="1.0" encoding="UTF-8" ?>
<testsuite tests="10" failures="0" name="com.radical.basic.multipleScenarioInSingleFile.RunMultiscenarioCukesTest" time="20.727" errors="1" skipped="4">
  <properties>
[...]
</properties>
  <testcase classname="Scenario: validate fb login Scenario1" name="Given the user is on facebook login Page" time="0"/>
  <testcase classname="Scenario: validate fb login Scenario1" name="When he enters &quot;user&quot; as user name" time="0"/>
  <testcase classname="Scenario: validate fb login Scenario1" name="And he enters &quot;pwd&quot; as password" time="0"/>
  <testcase classname="Scenario: validate fb login Scenario1" name="Then check username is present in textbox" time="0"/>
  <testcase classname="Scenario: validate fb login Scenario1" name="Scenario: validate fb login Scenario1" time="0.003"/>
  <testcase classname="Scenario: validate fb login Scenario2" name="Scenario: validate fb login Scenario2" time="4.135">
    <error message="session not created exception
from disconnected: Unable to receive message from renderer
  (Session info: chrome=67.0.3396.99)
  (Driver info: chromedriver=2.39.562718 (9a2698cba08cf5a471a29d30c8b3e12becabb0e9),platform=Windows NT 6.1.7601 SP1 x86_64) (WARNING: The server did not provide any stacktrace information)
Command duration or timeout: 3.45 seconds
Build info: version: &apos;3.5.2&apos;, revision: &apos;10229a9&apos;, time: &apos;2017-08-21T17:29:55.15Z&apos;
System info: host: &apos;ADMIN-PC&apos;, ip: &apos;192.168.0.109&apos;, os.name: &apos;Windows 7&apos;, os.arch: &apos;amd64&apos;, os.version: &apos;6.1&apos;, java.version: &apos;1.8.0_161&apos;
Driver info: driver.version: ChromeDriver" type="org.openqa.selenium.SessionNotCreatedException">org.openqa.selenium.SessionNotCreatedException: session not created exception
from disconnected: Unable to receive message from renderer
  (Session info: chrome=67.0.3396.99)
  (Driver info: chromedriver=2.39.562718 (9a2698cba08cf5a471a29d30c8b3e12becabb0e9),platform=Windows NT 6.1.7601 SP1 x86_64) (WARNING: The server did not provide any stacktrace information)
Command duration or timeout: 3.45 seconds
Build info: version: &apos;3.5.2&apos;, revision: &apos;10229a9&apos;, time: &apos;2017-08-21T17:29:55.15Z&apos;
System info: host: &apos;ADMIN-PC&apos;, ip: &apos;192.168.0.109&apos;, os.name: &apos;Windows 7&apos;, os.arch: &apos;amd64&apos;, os.version: &apos;6.1&apos;, java.version: &apos;1.8.0_161&apos;
Driver info: driver.version: ChromeDriver
	at sun.reflect.NativeConstructorAccessorImpl.newInstance0(Native Method)
	at sun.reflect.NativeConstructorAccessorImpl.newInstance(NativeConstructorAccessorImpl.java:62)
	at sun.reflect.DelegatingConstructorAccessorImpl.newInstance(DelegatingConstructorAccessorImpl.java:45)
	at java.lang.reflect.Constructor.newInstance(Constructor.java:423)
	at org.openqa.selenium.remote.ErrorHandler.createThrowable(ErrorHandler.java:215)
	at org.openqa.selenium.remote.ErrorHandler.throwIfResponseFailed(ErrorHandler.java:167)
	at org.openqa.selenium.remote.JsonWireProtocolResponse.lambda$new$0(JsonWireProtocolResponse.java:53)
	at org.openqa.selenium.remote.JsonWireProtocolResponse.lambda$getResponseFunction$2(JsonWireProtocolResponse.java:91)
	at org.openqa.selenium.remote.ProtocolHandshake.lambda$createSession$24(ProtocolHandshake.java:359)
	at java.util.stream.ReferencePipeline$3$1.accept(ReferencePipeline.java:193)
	at java.util.Spliterators$ArraySpliterator.tryAdvance(Spliterators.java:958)
	at java.util.stream.ReferencePipeline.forEachWithCancel(ReferencePipeline.java:126)
	at java.util.stream.AbstractPipeline.copyIntoWithCancel(AbstractPipeline.java:498)
	at java.util.stream.AbstractPipeline.copyInto(AbstractPipeline.java:485)
	at java.util.stream.AbstractPipeline.wrapAndCopyInto(AbstractPipeline.java:471)
	at java.util.stream.FindOps$FindOp.evaluateSequential(FindOps.java:152)
	at java.util.stream.AbstractPipeline.evaluate(AbstractPipeline.java:234)
	at java.util.stream.ReferencePipeline.findFirst(ReferencePipeline.java:464)
	at org.openqa.selenium.remote.ProtocolHandshake.createSession(ProtocolHandshake.java:362)
	at org.openqa.selenium.remote.ProtocolHandshake.createSession(ProtocolHandshake.java:136)
	at org.openqa.selenium.remote.HttpCommandExecutor.execute(HttpCommandExecutor.java:142)
	at org.openqa.selenium.remote.service.DriverCommandExecutor.execute(DriverCommandExecutor.java:82)
	at org.openqa.selenium.remote.RemoteWebDriver.execute(RemoteWebDriver.java:641)
	at org.openqa.selenium.remote.RemoteWebDriver.startSession(RemoteWebDriver.java:254)
	at org.openqa.selenium.remote.RemoteWebDriver.startSession(RemoteWebDriver.java:236)
	at org.openqa.selenium.remote.RemoteWebDriver.&lt;init&gt;(RemoteWebDriver.java:137)
	at org.openqa.selenium.chrome.ChromeDriver.&lt;init&gt;(ChromeDriver.java:178)
	at org.openqa.selenium.chrome.ChromeDriver.&lt;init&gt;(ChromeDriver.java:167)
	at org.openqa.selenium.chrome.ChromeDriver.&lt;init&gt;(ChromeDriver.java:124)
	at com.radical.basic.multipleScenarioInSingleFile.MultiScenarioStepDefs.setUp(MultiScenarioStepDefs.java:26)
	at sun.reflect.NativeMethodAccessorImpl.invoke0(Native Method)
	at sun.reflect.NativeMethodAccessorImpl.invoke(NativeMethodAccessorImpl.java:62)
	at sun.reflect.DelegatingMethodAccessorImpl.invoke(DelegatingMethodAccessorImpl.java:43)
	at java.lang.reflect.Method.invoke(Method.java:498)
	at cucumber.runtime.Utils$1.call(Utils.java:40)
	at cucumber.runtime.Timeout.timeout(Timeout.java:16)
	at cucumber.runtime.Utils.invoke(Utils.java:34)
	at cucumber.runtime.java.JavaHookDefinition.execute(JavaHookDefinition.java:60)
	at cucumber.runtime.Runtime.runHookIfTagsMatch(Runtime.java:224)
	at cucumber.runtime.Runtime.runHooks(Runtime.java:212)
	at cucumber.runtime.Runtime.runBeforeHooks(Runtime.java:202)
	at cucumber.runtime.model.CucumberScenario.run(CucumberScenario.java:40)
	at cucumber.runtime.junit.ExecutionUnitRunner.run(ExecutionUnitRunner.java:102)
	at cucumber.runtime.junit.FeatureRunner.runChild(FeatureRunner.java:63)
	at cucumber.runtime.junit.FeatureRunner.runChild(FeatureRunner.java:18)
	at org.junit.runners.ParentRunner$3.run(ParentRunner.java:290)
	at org.junit.runners.ParentRunner$1.schedule(ParentRunner.java:71)
	at org.junit.runners.ParentRunner.runChildren(ParentRunner.java:288)
	at org.junit.runners.ParentRunner.access$000(ParentRunner.java:58)
	at org.junit.runners.ParentRunner$2.evaluate(ParentRunner.java:268)
	at org.junit.runners.ParentRunner.run(ParentRunner.java:363)
	at cucumber.runtime.junit.FeatureRunner.run(FeatureRunner.java:70)
	at cucumber.api.junit.Cucumber.runChild(Cucumber.java:95)
	at cucumber.api.junit.Cucumber.runChild(Cucumber.java:38)
	at org.junit.runners.ParentRunner$3.run(ParentRunner.java:290)
	at org.junit.runners.ParentRunner$1.schedule(ParentRunner.java:71)
	at org.junit.runners.ParentRunner.runChildren(ParentRunner.java:288)
	at org.junit.runners.ParentRunner.access$000(ParentRunner.java:58)
	at org.junit.runners.ParentRunner$2.evaluate(ParentRunner.java:268)
	at org.junit.runners.ParentRunner.run(ParentRunner.java:363)
	at cucumber.api.junit.Cucumber.run(Cucumber.java:100)
	at org.apache.maven.surefire.junit4.JUnit4Provider.execute(JUnit4Provider.java:252)
	at org.apache.maven.surefire.junit4.JUnit4Provider.executeTestSet(JUnit4Provider.java:141)
	at org.apache.maven.surefire.junit4.JUnit4Provider.invoke(JUnit4Provider.java:112)
	at sun.reflect.NativeMethodAccessorImpl.invoke0(Native Method)
	at sun.reflect.NativeMethodAccessorImpl.invoke(NativeMethodAccessorImpl.java:62)
	at sun.reflect.DelegatingMethodAccessorImpl.invoke(DelegatingMethodAccessorImpl.java:43)
	at java.lang.reflect.Method.invoke(Method.java:498)
	at org.apache.maven.surefire.util.ReflectionUtils.invokeMethodWithArray(ReflectionUtils.java:189)
	at org.apache.maven.surefire.booter.ProviderFactory$ProviderProxy.invoke(ProviderFactory.java:165)
	at org.apache.maven.surefire.booter.ProviderFactory.invokeProvider(ProviderFactory.java:85)
	at org.apache.maven.surefire.booter.ForkedBooter.runSuitesInProcess(ForkedBooter.java:115)
	at org.apache.maven.surefire.booter.ForkedBooter.main(ForkedBooter.java:75)
</error>
    <system-out>in setup
</system-out>
    <system-err>Starting ChromeDriver 2.39.562718 (9a2698cba08cf5a471a29d30c8b3e12becabb0e9) on port 38551
Only local connections are allowed.
[1532834352.051][SEVERE]: Unable to receive message from renderer
</system-err>
  </testcase>
  <testcase classname="Scenario: validate fb login Scenario2" name="Given the user is on facebook login Page" time="4.145">
    <skipped/>
    <system-out>Failure in before hook:MultiScenarioStepDefs.setUp()
Message: org.openqa.selenium.SessionNotCreatedException: session not created exception
from disconnected: Unable to receive message from renderer
  (Session info: chrome=67.0.3396.99)
  (Driver info: chromedriver=2.39.562718 (9a2698cba08cf5a471a29d30c8b3e12becabb0e9),platform=Windows NT 6.1.7601 SP1 x86_64) (WARNING: The server did not provide any stacktrace information)
Command duration or timeout: 3.45 seconds
Build info: version: &apos;3.5.2&apos;, revision: &apos;10229a9&apos;, time: &apos;2017-08-21T17:29:55.15Z&apos;
System info: host: &apos;ADMIN-PC&apos;, ip: &apos;192.168.0.109&apos;, os.name: &apos;Windows 7&apos;, os.arch: &apos;amd64&apos;, os.version: &apos;6.1&apos;, java.version: &apos;1.8.0_161&apos;
Driver info: driver.version: ChromeDriver
	at sun.reflect.NativeConstructorAccessorImpl.newInstance0(Native Method)
	at sun.reflect.NativeConstructorAccessorImpl.newInstance(NativeConstructorAccessorImpl.java:62)
	at sun.reflect.DelegatingConstructorAccessorImpl.newInstance(DelegatingConstructorAccessorImpl.java:45)
	at java.lang.reflect.Constructor.newInstance(Constructor.java:423)
	at org.openqa.selenium.remote.ErrorHandler.createThrowable(ErrorHandler.java:215)
	at org.openqa.selenium.remote.ErrorHandler.throwIfResponseFailed(ErrorHandler.java:167)
	at org.openqa.selenium.remote.JsonWireProtocolResponse.lambda$new$0(JsonWireProtocolResponse.java:53)
	at org.openqa.selenium.remote.JsonWireProtocolResponse.lambda$getResponseFunction$2(JsonWireProtocolResponse.java:91)
	at org.openqa.selenium.remote.ProtocolHandshake.lambda$createSession$24(ProtocolHandshake.java:359)
	at java.util.stream.ReferencePipeline$3$1.accept(ReferencePipeline.java:193)
	at java.util.Spliterators$ArraySpliterator.tryAdvance(Spliterators.java:958)
	at java.util.stream.ReferencePipeline.forEachWithCancel(ReferencePipeline.java:126)
	at java.util.stream.AbstractPipeline.copyIntoWithCancel(AbstractPipeline.java:498)
	at java.util.stream.AbstractPipeline.copyInto(AbstractPipeline.java:485)
	at java.util.stream.AbstractPipeline.wrapAndCopyInto(AbstractPipeline.java:471)
	at java.util.stream.FindOps$FindOp.evaluateSequential(FindOps.java:152)
	at java.util.stream.AbstractPipeline.evaluate(AbstractPipeline.java:234)
	at java.util.stream.ReferencePipeline.findFirst(ReferencePipeline.java:464)
	at org.openqa.selenium.remote.ProtocolHandshake.createSession(ProtocolHandshake.java:362)
	at org.openqa.selenium.remote.ProtocolHandshake.createSession(ProtocolHandshake.java:136)
	at org.openqa.selenium.remote.HttpCommandExecutor.execute(HttpCommandExecutor.java:142)
	at org.openqa.selenium.remote.service.DriverCommandExecutor.execute(DriverCommandExecutor.java:82)
	at org.openqa.selenium.remote.RemoteWebDriver.execute(RemoteWebDriver.java:641)
	at org.openqa.selenium.remote.RemoteWebDriver.startSession(RemoteWebDriver.java:254)
	at org.openqa.selenium.remote.RemoteWebDriver.startSession(RemoteWebDriver.java:236)
	at org.openqa.selenium.remote.RemoteWebDriver.&lt;init&gt;(RemoteWebDriver.java:137)
	at org.openqa.selenium.chrome.ChromeDriver.&lt;init&gt;(ChromeDriver.java:178)
	at org.openqa.selenium.chrome.ChromeDriver.&lt;init&gt;(ChromeDriver.java:167)
	at org.openqa.selenium.chrome.ChromeDriver.&lt;init&gt;(ChromeDriver.java:124)
	at com.radical.basic.multipleScenarioInSingleFile.MultiScenarioStepDefs.setUp(MultiScenarioStepDefs.java:26)
	at sun.reflect.NativeMethodAccessorImpl.invoke0(Native Method)
	at sun.reflect.NativeMethodAccessorImpl.invoke(NativeMethodAccessorImpl.java:62)
	at sun.reflect.DelegatingMethodAccessorImpl.invoke(DelegatingMethodAccessorImpl.java:43)
	at java.lang.reflect.Method.invoke(Method.java:498)
	at cucumber.runtime.Utils$1.call(Utils.java:40)
	at cucumber.runtime.Timeout.timeout(Timeout.java:16)
	at cucumber.runtime.Utils.invoke(Utils.java:34)
	at cucumber.runtime.java.JavaHookDefinition.execute(JavaHookDefinition.java:60)
	at cucumber.runtime.Runtime.runHookIfTagsMatch(Runtime.java:224)
	at cucumber.runtime.Runtime.runHooks(Runtime.java:212)
	at cucumber.runtime.Runtime.runBeforeHooks(Runtime.java:202)
	at cucumber.runtime.model.CucumberScenario.run(CucumberScenario.java:40)
	at cucumber.runtime.junit.ExecutionUnitRunner.run(ExecutionUnitRunner.java:102)
	at cucumber.runtime.junit.FeatureRunner.runChild(FeatureRunner.java:63)
	at cucumber.runtime.junit.FeatureRunner.runChild(FeatureRunner.java:18)
	at org.junit.runners.ParentRunner$3.run(ParentRunner.java:290)
	at org.junit.runners.ParentRunner$1.schedule(ParentRunner.java:71)
	at org.junit.runners.ParentRunner.runChildren(ParentRunner.java:288)
	at org.junit.runners.ParentRunner.access$000(ParentRunner.java:58)
	at org.junit.runners.ParentRunner$2.evaluate(ParentRunner.java:268)
	at org.junit.runners.ParentRunner.run(ParentRunner.java:363)
	at cucumber.runtime.junit.FeatureRunner.run(FeatureRunner.java:70)
	at cucumber.api.junit.Cucumber.runChild(Cucumber.java:95)
	at cucumber.api.junit.Cucumber.runChild(Cucumber.java:38)
	at org.junit.runners.ParentRunner$3.run(ParentRunner.java:290)
	at org.junit.runners.ParentRunner$1.schedule(ParentRunner.java:71)
	at org.junit.runners.ParentRunner.runChildren(ParentRunner.java:288)
	at org.junit.runners.ParentRunner.access$000(ParentRunner.java:58)
	at org.junit.runners.ParentRunner$2.evaluate(ParentRunner.java:268)
	at org.junit.runners.ParentRunner.run(ParentRunner.java:363)
	at cucumber.api.junit.Cucumber.run(Cucumber.java:100)
	at org.apache.maven.surefire.junit4.JUnit4Provider.execute(JUnit4Provider.java:252)
	at org.apache.maven.surefire.junit4.JUnit4Provider.executeTestSet(JUnit4Provider.java:141)
	at org.apache.maven.surefire.junit4.JUnit4Provider.invoke(JUnit4Provider.java:112)
	at sun.reflect.NativeMethodAccessorImpl.invoke0(Native Method)
	at sun.reflect.NativeMethodAccessorImpl.invoke(NativeMethodAccessorImpl.java:62)
	at sun.reflect.DelegatingMethodAccessorImpl.invoke(DelegatingMethodAccessorImpl.java:43)
	at java.lang.reflect.Method.invoke(Method.java:498)
	at org.apache.maven.surefire.util.ReflectionUtils.invokeMethodWithArray(ReflectionUtils.java:189)
	at org.apache.maven.surefire.booter.ProviderFactory$ProviderProxy.invoke(ProviderFactory.java:165)
	at org.apache.maven.surefire.booter.ProviderFactory.invokeProvider(ProviderFactory.java:85)
	at org.apache.maven.surefire.booter.ForkedBooter.runSuitesInProcess(ForkedBooter.java:115)
	at org.apache.maven.surefire.booter.ForkedBooter.main(ForkedBooter.java:75)

      org.openqa.selenium.SessionNotCreatedException: session not created exception
      from disconnected: Unable to receive message from renderer
        (Session info: chrome=67.0.3396.99)
        (Driver info: chromedriver=2.39.562718 (9a2698cba08cf5a471a29d30c8b3e12becabb0e9),platform=Windows NT 6.1.7601 SP1 x86_64) (WARNING: The server did not provide any stacktrace information)
      Command duration or timeout: 3.45 seconds
      Build info: version: &apos;3.5.2&apos;, revision: &apos;10229a9&apos;, time: &apos;2017-08-21T17:29:55.15Z&apos;
      System info: host: &apos;ADMIN-PC&apos;, ip: &apos;192.168.0.109&apos;, os.name: &apos;Windows 7&apos;, os.arch: &apos;amd64&apos;, os.version: &apos;6.1&apos;, java.version: &apos;1.8.0_161&apos;
      Driver info: driver.version: ChromeDriver
      	at sun.reflect.NativeConstructorAccessorImpl.newInstance0(Native Method)
      	at sun.reflect.NativeConstructorAccessorImpl.newInstance(NativeConstructorAccessorImpl.java:62)
      	at sun.reflect.DelegatingConstructorAccessorImpl.newInstance(DelegatingConstructorAccessorImpl.java:45)
      	at java.lang.reflect.Constructor.newInstance(Constructor.java:423)
      	at org.openqa.selenium.remote.ErrorHandler.createThrowable(ErrorHandler.java:215)
      	at org.openqa.selenium.remote.ErrorHandler.throwIfResponseFailed(ErrorHandler.java:167)
      	at org.openqa.selenium.remote.JsonWireProtocolResponse.lambda$new$0(JsonWireProtocolResponse.java:53)
      	at org.openqa.selenium.remote.JsonWireProtocolResponse.lambda$getResponseFunction$2(JsonWireProtocolResponse.java:91)
      	at org.openqa.selenium.remote.ProtocolHandshake.lambda$createSession$24(ProtocolHandshake.java:359)
      	at java.util.stream.ReferencePipeline$3$1.accept(ReferencePipeline.java:193)
      	at java.util.Spliterators$ArraySpliterator.tryAdvance(Spliterators.java:958)
      	at java.util.stream.ReferencePipeline.forEachWithCancel(ReferencePipeline.java:126)
      	at java.util.stream.AbstractPipeline.copyIntoWithCancel(AbstractPipeline.java:498)
      	at java.util.stream.AbstractPipeline.copyInto(AbstractPipeline.java:485)
      	at java.util.stream.AbstractPipeline.wrapAndCopyInto(AbstractPipeline.java:471)
      	at java.util.stream.FindOps$FindOp.evaluateSequential(FindOps.java:152)
      	at java.util.stream.AbstractPipeline.evaluate(AbstractPipeline.java:234)
      	at java.util.stream.ReferencePipeline.findFirst(ReferencePipeline.java:464)
      	at org.openqa.selenium.remote.ProtocolHandshake.createSession(ProtocolHandshake.java:362)
      	at org.openqa.selenium.remote.ProtocolHandshake.createSession(ProtocolHandshake.java:136)
      	at org.openqa.selenium.remote.HttpCommandExecutor.execute(HttpCommandExecutor.java:142)
      	at org.openqa.selenium.remote.service.DriverCommandExecutor.execute(DriverCommandExecutor.java:82)
      	at org.openqa.selenium.remote.RemoteWebDriver.execute(RemoteWebDriver.java:641)
      	at org.openqa.selenium.remote.RemoteWebDriver.startSession(RemoteWebDriver.java:254)
      	at org.openqa.selenium.remote.RemoteWebDriver.startSession(RemoteWebDriver.java:236)
      	at org.openqa.selenium.remote.RemoteWebDriver.&lt;init&gt;(RemoteWebDriver.java:137)
      	at org.openqa.selenium.chrome.ChromeDriver.&lt;init&gt;(ChromeDriver.java:178)
      	at org.openqa.selenium.chrome.ChromeDriver.&lt;init&gt;(ChromeDriver.java:167)
      	at org.openqa.selenium.chrome.ChromeDriver.&lt;init&gt;(ChromeDriver.java:124)
      	at com.radical.basic.multipleScenarioInSingleFile.MultiScenarioStepDefs.setUp(MultiScenarioStepDefs.java:26)
      	at sun.reflect.NativeMethodAccessorImpl.invoke0(Native Method)
      	at sun.reflect.NativeMethodAccessorImpl.invoke(NativeMethodAccessorImpl.java:62)
      	at sun.reflect.DelegatingMethodAccessorImpl.invoke(DelegatingMethodAccessorImpl.java:43)
      	at java.lang.reflect.Method.invoke(Method.java:498)
      	at cucumber.runtime.Utils$1.call(Utils.java:40)
      	at cucumber.runtime.Timeout.timeout(Timeout.java:16)
      	at cucumber.runtime.Utils.invoke(Utils.java:34)
      	at cucumber.runtime.java.JavaHookDefinition.execute(JavaHookDefinition.java:60)
      	at cucumber.runtime.Runtime.runHookIfTagsMatch(Runtime.java:224)
      	at cucumber.runtime.Runtime.runHooks(Runtime.java:212)
      	at cucumber.runtime.Runtime.runBeforeHooks(Runtime.java:202)
      	at cucumber.runtime.model.CucumberScenario.run(CucumberScenario.java:40)
      	at cucumber.runtime.junit.ExecutionUnitRunner.run(ExecutionUnitRunner.java:102)
      	at cucumber.runtime.junit.FeatureRunner.runChild(FeatureRunner.java:63)
      	at cucumber.runtime.junit.FeatureRunner.runChild(FeatureRunner.java:18)
      	at org.junit.runners.ParentRunner$3.run(ParentRunner.java:290)
      	at org.junit.runners.ParentRunner$1.schedule(ParentRunner.java:71)
      	at org.junit.runners.ParentRunner.runChildren(ParentRunner.java:288)
      	at org.junit.runners.ParentRunner.access$000(ParentRunner.java:58)
      	at org.junit.runners.ParentRunner$2.evaluate(ParentRunner.java:268)
      	at org.junit.runners.ParentRunner.run(ParentRunner.java:363)
      	at cucumber.runtime.junit.FeatureRunner.run(FeatureRunner.java:70)
      	at cucumber.api.junit.Cucumber.runChild(Cucumber.java:95)
      	at cucumber.api.junit.Cucumber.runChild(Cucumber.java:38)
      	at org.junit.runners.ParentRunner$3.run(ParentRunner.java:290)
      	at org.junit.runners.ParentRunner$1.schedule(ParentRunner.java:71)
      	at org.junit.runners.ParentRunner.runChildren(ParentRunner.java:288)
      	at org.junit.runners.ParentRunner.access$000(ParentRunner.java:58)
      	at org.junit.runners.ParentRunner$2.evaluate(ParentRunner.java:268)
      	at org.junit.runners.ParentRunner.run(ParentRunner.java:363)
      	at cucumber.api.junit.Cucumber.run(Cucumber.java:100)
      	at org.apache.maven.surefire.junit4.JUnit4Provider.execute(JUnit4Provider.java:252)
      	at org.apache.maven.surefire.junit4.JUnit4Provider.executeTestSet(JUnit4Provider.java:141)
      	at org.apache.maven.surefire.junit4.JUnit4Provider.invoke(JUnit4Provider.java:112)
      	at sun.reflect.NativeMethodAccessorImpl.invoke0(Native Method)
      	at sun.reflect.NativeMethodAccessorImpl.invoke(NativeMethodAccessorImpl.java:62)
      	at sun.reflect.DelegatingMethodAccessorImpl.invoke(DelegatingMethodAccessorImpl.java:43)
      	at java.lang.reflect.Method.invoke(Method.java:498)
      	at org.apache.maven.surefire.util.ReflectionUtils.invokeMethodWithArray(ReflectionUtils.java:189)
      	at org.apache.maven.surefire.booter.ProviderFactory$ProviderProxy.invoke(ProviderFactory.java:165)
      	at org.apache.maven.surefire.booter.ProviderFactory.invokeProvider(ProviderFactory.java:85)
      	at org.apache.maven.surefire.booter.ForkedBooter.runSuitesInProcess(ForkedBooter.java:115)
      	at org.apache.maven.surefire.booter.ForkedBooter.main(ForkedBooter.java:75)


  Scenario: validate fb login Scenario1       # MultiScenario.feature:5
    Given the user is on facebook login Page  # MultiScenarioStepDefs.the_user_is_on_facebook_login_Page()
    When he enters &quot;user&quot; as user name        # MultiScenarioStepDefs.He_enters_user_name(String)
    And he enters &quot;pwd&quot; as password           # MultiScenarioStepDefs.He_enters_user_password(String)
    Then check username is present in textbox # MultiScenarioStepDefs.check_username_is_present_in_textbox()
</system-out>
  </testcase>
  <testcase classname="Scenario: validate fb login Scenario2" name="When he enters &quot;user&quot; as user name" time="4.147">
    <skipped/>
  </testcase>
  <testcase classname="Scenario: validate fb login Scenario2" name="And he enters &quot;pwd&quot; as password" time="4.148">
    <skipped/>
  </testcase>
  <testcase classname="Scenario: validate fb login Scenario2" name="Then check username is present in textbox" time="4.149">
    <skipped/>
  </testcase>
</testsuite>